<?xml version="1.0" encoding="UTF-8"?>
<!-- Generated by org.testng.reporters.JUnitReportReporter -->
<testsuite hostname="DESKTOP-SFTUBHI" failures="0" tests="4" name="APITestingFramework.testcases.CreateCustomerTest" time="0.006" errors="0" timestamp="06 Dec 2021 22:03:24 GMT" skipped="0">
  <testcase classname="APITestingFramework.testcases.CreateCustomerTest" name="validateCreateCustomerAPIwithValidSecretKey" time="0.000"/>
  <testcase classname="APITestingFramework.testcases.CreateCustomerTest" name="validateCreateCustomerAPIwithInvalidSecretKey" time="0.004"/>
  <testcase classname="APITestingFramework.testcases.CreateCustomerTest" name="validateCreateCustomerAPIwithInvalidSecretKey" time="0.001"/>
  <testcase classname="APITestingFramework.testcases.CreateCustomerTest" name="validateCreateCustomerAPIwithValidSecretKey" time="0.001"/>
</testsuite> <!-- APITestingFramework.testcases.CreateCustomerTest -->
